2017-03-29T13:24:45.407Z - normal: Load ~/.CocosCreator/settings.json
2017-03-29T13:24:45.412Z - normal: checking language setting...
2017-03-29T13:24:45.413Z - normal: Language: zh
2017-03-29T13:24:47.134Z - success: protocol editor-framework registered
2017-03-29T13:24:47.134Z - success: protocol app registered
2017-03-29T13:24:47.134Z - success: protocol theme registered
2017-03-29T13:24:47.135Z - success: protocol profile registered
2017-03-29T13:24:47.135Z - success: protocol packages registered
2017-03-29T13:24:47.135Z - success: protocol unpack registerred
2017-03-29T13:24:47.135Z - success: protocol disable-commonjs registerred
2017-03-29T13:24:47.247Z - normal: connected!
2017-03-29T13:24:47.253Z - normal: Check project K:\Code\CocosCreatorProjects\Dadianer
2017-03-29T13:24:47.257Z - normal: Initializing Cocos2d
2017-03-29T13:24:48.680Z - normal: Initializing Asset Database
2017-03-29T13:24:48.712Z - success: protocol uuid registerred
2017-03-29T13:24:48.712Z - success: protocol db registerred
2017-03-29T13:24:48.712Z - success: protocol thumbnail registerred
2017-03-29T13:24:48.712Z - normal: Loading editor/builtin packages
2017-03-29T13:24:48.890Z - success: assets loaded
2017-03-29T13:24:48.893Z - success: builder loaded
2017-03-29T13:24:48.896Z - success: hierarchy loaded
2017-03-29T13:24:48.900Z - success: inspector loaded
2017-03-29T13:24:48.901Z - success: keystore loaded
2017-03-29T13:24:48.904Z - success: node-library loaded
2017-03-29T13:24:48.907Z - success: preferences loaded
2017-03-29T13:24:48.928Z - success: project-importer loaded
2017-03-29T13:24:48.930Z - success: project-settings loaded
2017-03-29T13:24:48.933Z - success: ui-kit loaded
2017-03-29T13:24:48.943Z - success: ui-grid loaded
2017-03-29T13:24:48.947Z - success: scene loaded
2017-03-29T13:24:48.950Z - success: sprite-editor loaded
2017-03-29T13:24:49.158Z - success: store loaded
2017-03-29T13:24:49.172Z - success: timeline loaded
2017-03-29T13:24:49.172Z - normal: Loading builtin packages
2017-03-29T13:24:49.184Z - success: anysdk loaded
2017-03-29T13:24:49.188Z - success: asset-db-debugger loaded
2017-03-29T13:24:49.191Z - success: code-editor loaded
2017-03-29T13:24:49.200Z - success: color-picker loaded
2017-03-29T13:24:49.206Z - success: console loaded
2017-03-29T13:24:49.211Z - success: package-manager loaded
2017-03-29T13:24:49.216Z - success: tester loaded
2017-03-29T13:24:49.218Z - success: ui-kit-preview-extra loaded
2017-03-29T13:24:49.221Z - success: ui-kit-preview loaded
2017-03-29T13:24:49.226Z - success: ui-tree loaded
2017-03-29T13:24:49.352Z - normal: Initializing project K:\Code\CocosCreatorProjects\Dadianer
2017-03-29T13:24:49.355Z - normal: Loading packages
2017-03-29T13:24:49.359Z - normal: Watching packages
2017-03-29T13:24:49.394Z - normal: Run Application
2017-03-29T13:24:55.090Z - success: preview server running at http://localhost:7456
2017-03-29T13:24:55.091Z - normal: Compiling scripts...
2017-03-29T13:24:57.265Z - normal: Compiled project javascript file successfully
2017-03-29T13:25:02.761Z - normal: 1.4.0
2017-03-29T13:28:53.449Z - normal: Compiled project javascript file successfully
2017-03-29T13:47:51.724Z - normal: Compiled project javascript file successfully
2017-03-29T13:50:56.086Z - normal: Compiled project javascript file successfully
2017-03-29T13:52:30.000Z - normal: Compiled project javascript file successfully
2017-03-29T13:56:03.226Z - normal: Compiled project javascript file successfully
2017-03-29T14:16:23.574Z - normal: Compiled project javascript file successfully
2017-03-29T14:23:13.596Z - normal: Compiled project javascript file successfully
2017-03-29T14:25:52.768Z - normal: Compiled project javascript file successfully
2017-03-29T14:35:49.644Z - normal: Compiled project javascript file successfully
2017-03-29T14:40:26.215Z - normal: Compiled project javascript file successfully
2017-03-29T16:12:50.613Z - normal: Compiled project javascript file successfully
2017-03-29T16:15:26.338Z - normal: Compiled project javascript file successfully
2017-03-29T16:23:21.456Z - normal: Compiled project javascript file successfully
2017-03-29T16:35:16.772Z - normal: Compiled project javascript file successfully
2017-03-29T16:37:42.327Z - info: shutdown preview server
